# JRE version: Java(TM) SE Runtime Environment (17.0.12+8) (build 17.0.12+8-LTS-286)
# Java VM: Java HotSpot(TM) 64-Bit Server VM (17.0.12+8-LTS-286, mixed mode, emulated-client, sharing, tiered, compressed oops, compressed class ptrs, g1 gc, windows-amd64)
GC Precious Log:
 CPUs: 16 total, 16 available
 Memory: 16091M
 Large Page Support: Disabled
 NUMA Support: Disabled
 Compressed Oops: Enabled (Zero based)
 Heap Region Size: 2M
 Heap Min Capacity: 8M
 Heap Initial Capacity: 252M
 Heap Max Capacity: 4024M
 Pre-touch: Disabled
 Parallel Workers: 13
 Concurrent Workers: 3
 Concurrent Refinement Workers: 13
 Periodic GC: Disabled
Heap:
 garbage-first heap   total 258048K, used 22594K [0x0000000704800000, 0x0000000800000000)
  region size 2048K, 9 young (18432K), 3 survivors (6144K)
 Metaspace       used 19843K, committed 20096K, reserved 1114112K
  class space    used 2695K, committed 2816K, reserved 1048576K
GC Heap History (6 events):
Event: 1.599 GC heap before
{Heap before GC invocations=0 (full 0):
 garbage-first heap   total 258048K, used 22528K [0x0000000704800000, 0x0000000800000000)
  region size 2048K, 11 young (22528K), 0 survivors (0K)
 Metaspace       used 7346K, committed 7552K, reserved 1114112K
  class space    used 921K, committed 1024K, reserved 1048576K
}
Event: 2.616 GC heap after
{Heap after GC invocations=1 (full 0):
 garbage-first heap   total 258048K, used 6824K [0x0000000704800000, 0x0000000800000000)
  region size 2048K, 2 young (4096K), 2 survivors (4096K)
 Metaspace       used 7346K, committed 7552K, reserved 1114112K
  class space    used 921K, committed 1024K, reserved 1048576K
}
Event: 4.016 GC heap before
{Heap before GC invocations=1 (full 0):
 garbage-first heap   total 258048K, used 25256K [0x0000000704800000, 0x0000000800000000)
  region size 2048K, 11 young (22528K), 2 survivors (4096K)
 Metaspace       used 10374K, committed 10688K, reserved 1114112K
  class space    used 1395K, committed 1536K, reserved 1048576K
}
Event: 4.019 GC heap after
{Heap after GC invocations=2 (full 0):
 garbage-first heap   total 258048K, used 8652K [0x0000000704800000, 0x0000000800000000)
  region size 2048K, 1 young (2048K), 1 survivors (2048K)
 Metaspace       used 10374K, committed 10688K, reserved 1114112K
  class space    used 1395K, committed 1536K, reserved 1048576K
}
Event: 4.800 GC heap before
{Heap before GC invocations=2 (full 0):
 garbage-first heap   total 258048K, used 65996K [0x0000000704800000, 0x0000000800000000)
  region size 2048K, 29 young (59392K), 1 survivors (2048K)
 Metaspace       used 19060K, committed 19392K, reserved 1114112K
  class space    used 2583K, committed 2752K, reserved 1048576K
}
Event: 4.803 GC heap after
{Heap after GC invocations=3 (full 0):
 garbage-first heap   total 258048K, used 12354K [0x0000000704800000, 0x0000000800000000)
  region size 2048K, 3 young (6144K), 3 survivors (6144K)
 Metaspace       used 19060K, committed 19392K, reserved 1114112K
  class space    used 2583K, committed 2752K, reserved 1048576K
}

